mode: set
github.com/iggyster/lets-go-chat/internal/chat/model.go:24.21,25.17 1 1
github.com/iggyster/lets-go-chat/internal/chat/model.go:25.17,27.3 1 1
github.com/iggyster/lets-go-chat/internal/chat/model.go:29.2,29.10 1 1
github.com/iggyster/lets-go-chat/internal/chat/model.go:32.43,34.2 1 1
github.com/iggyster/lets-go-chat/internal/chat/model.go:36.51,40.2 2 1
github.com/iggyster/lets-go-chat/internal/chat/model.go:42.43,45.39 2 1
github.com/iggyster/lets-go-chat/internal/chat/model.go:45.39,46.40 1 1
github.com/iggyster/lets-go-chat/internal/chat/model.go:46.40,48.4 1 1
github.com/iggyster/lets-go-chat/internal/chat/model.go:50.3,50.14 1 1
github.com/iggyster/lets-go-chat/internal/chat/model.go:53.2,53.14 1 1
github.com/iggyster/lets-go-chat/internal/chat/model.go:56.50,58.2 1 1
github.com/iggyster/lets-go-chat/internal/middleware/accept.go:7.35,9.20 1 1
github.com/iggyster/lets-go-chat/internal/middleware/accept.go:9.20,11.3 1 1
github.com/iggyster/lets-go-chat/internal/middleware/accept.go:13.2,13.81 1 1
github.com/iggyster/lets-go-chat/internal/middleware/boot.go:9.27,14.2 3 1
github.com/iggyster/lets-go-chat/pkg/tokengenerator/tokenGenerator.go:8.31,13.2 3 1
github.com/iggyster/lets-go-chat/pkg/hasher/hasher.go:7.52,11.2 2 1
github.com/iggyster/lets-go-chat/pkg/hasher/hasher.go:15.52,19.2 2 1
github.com/iggyster/lets-go-chat/internal/user/model.go:15.41,17.2 1 1
github.com/iggyster/lets-go-chat/internal/user/model.go:19.32,21.2 1 1
github.com/iggyster/lets-go-chat/internal/user/model.go:23.43,31.2 2 1
github.com/iggyster/lets-go-chat/internal/user/repository.go:21.74,23.9 2 1
github.com/iggyster/lets-go-chat/internal/user/repository.go:23.9,25.3 1 1
github.com/iggyster/lets-go-chat/internal/user/repository.go:27.2,28.9 2 1
github.com/iggyster/lets-go-chat/internal/user/repository.go:28.9,30.3 1 0
github.com/iggyster/lets-go-chat/internal/user/repository.go:32.2,32.17 1 1
github.com/iggyster/lets-go-chat/internal/user/repository.go:35.59,38.39 2 1
github.com/iggyster/lets-go-chat/internal/user/repository.go:38.39,40.32 2 1
github.com/iggyster/lets-go-chat/internal/user/repository.go:40.32,43.4 2 1
github.com/iggyster/lets-go-chat/internal/user/repository.go:45.3,45.14 1 1
github.com/iggyster/lets-go-chat/internal/user/repository.go:48.2,48.12 1 1
github.com/iggyster/lets-go-chat/internal/user/repository.go:51.58,55.2 2 1
github.com/iggyster/lets-go-chat/internal/user/repository.go:57.43,59.2 1 1
